Build started 2015-12-16 오전 1:32:15.
     1>Project "C:\Users\Geon\Dropbox\Project\C\THE_GENIUS\THE_GENIUS\THE_GENIUS.vcxproj" on node 2 (Build target(s)).
     1>ClCompile:
         C:\Program Files (x86)\Microsoft Visual Studio 12.0\VC\bin\CL.exe /c /ZI /nologo /W3 /WX- /sdl /Od /Oy- /D WIN32 /D _DEBUG /D _CONSOLE /D _LIB /D _UNICODE /D UNICODE /Gm /EHsc /RTC1 /MDd /GS /fp:precise /Zc:wchar_t /Zc:forScope /Fo"Debug\\" /Fd"Debug\vc120.pdb" /Gd /TC /analyze- /errorReport:prompt Game_Select.c Indian_Poker.c Juldarigi.c blacknwhite.c
         blacknwhite.c
         Juldarigi.c
     1>c:\users\geon\dropbox\project\c\the_genius\the_genius\juldarigi.c(24): warning C4244: 'function' : conversion from 'time_t' to 'unsigned int', possible loss of data
     1>c:\users\geon\dropbox\project\c\the_genius\the_genius\juldarigi.c(25): warning C4090: 'function' : different 'const' qualifiers
     1>c:\users\geon\dropbox\project\c\the_genius\the_genius\juldarigi.c(111): warning C4090: 'function' : different 'const' qualifiers
         Indian_Poker.c
     1>c:\users\geon\dropbox\project\c\the_genius\the_genius\indian_poker.c(21): warning C4244: 'function' : conversion from 'time_t' to 'unsigned int', possible loss of data
     1>c:\users\geon\dropbox\project\c\the_genius\the_genius\indian_poker.c(310): warning C4013: 'setcursortype' undefined; assuming extern returning int
         Game_Select.c
     1>c:\users\geon\dropbox\project\c\the_genius\the_genius\game_select.c(16): warning C4013: 'setcursortype' undefined; assuming extern returning int
     1>c:\users\geon\dropbox\project\c\the_genius\the_genius\game_select.c(95): warning C4013: 'blacknwhite' undefined; assuming extern returning int
     1>c:\users\geon\dropbox\project\c\the_genius\the_genius\game_select.c(103): warning C4013: 'main' undefined; assuming extern returning int
         Generating Code...
     1>c:\users\geon\dropbox\project\c\the_genius\the_genius\indian_poker.c(501): warning C4715: 'indian_poker_ai' : not all control paths return a value
       Link:
         C:\Program Files (x86)\Microsoft Visual Studio 12.0\VC\bin\link.exe /ERRORREPORT:PROMPT /OUT:"C:\Users\Geon\Dropbox\Project\C\THE_GENIUS\Debug\THE_GENIUS.exe" /INCREMENTAL /NOLOGO kernel32.lib user32.lib gdi32.lib winspool.lib comdlg32.lib advapi32.lib shell32.lib ole32.lib oleaut32.lib uuid.lib odbc32.lib odbccp32.lib /MANIFEST /MANIFESTUAC:"level='asInvoker' uiAccess='false'" /manifest:embed /DEBUG /PDB:"C:\Users\Geon\Dropbox\Project\C\THE_GENIUS\Debug\THE_GENIUS.pdb" /SUBSYSTEM:CONSOLE /TLBID:1 /DYNAMICBASE /NXCOMPAT /IMPLIB:"C:\Users\Geon\Dropbox\Project\C\THE_GENIUS\Debug\THE_GENIUS.lib" /MACHINE:X86 Debug\blacknwhite.obj
         Debug\Game_Select.obj
         Debug\Indian_Poker.obj
         Debug\Juldarigi.obj
         Debug\Main.obj
         THE_GENIUS.vcxproj -> C:\Users\Geon\Dropbox\Project\C\THE_GENIUS\Debug\THE_GENIUS.exe
     1>Done Building Project "C:\Users\Geon\Dropbox\Project\C\THE_GENIUS\THE_GENIUS\THE_GENIUS.vcxproj" (Build target(s)).

Build succeeded.

Time Elapsed 00:00:03.04
